<?xml version="1.0" encoding="UTF-8"?>
<!-- Generated by org.testng.reporters.JUnitReportReporter -->
<testsuite hostname="ubuntu_file" name="org.bigtester.ate.model.project.CaseRunner" tests="1" failures="0" timestamp="3 Dec 2014 15:06:18 GMT" time="58.468" errors="0">
  <testcase name="runTest" time="58.468" classname="org.bigtester.ate.model.project.CaseRunner"/>
</testsuite> <!-- org.bigtester.ate.model.project.CaseRunner -->
