<?xml version="1.0" encoding="UTF-8"?>
<!-- Generated by org.testng.reporters.JUnitReportReporter -->
<testsuite hostname="ubuntu_file" name="org.bigtester.ate.model.project.CaseRunner" tests="1" failures="0" timestamp="2 Dec 2014 20:19:11 GMT" time="19.673" errors="0">
  <testcase name="runTest" time="19.673" classname="org.bigtester.ate.model.project.CaseRunner"/>
</testsuite> <!-- org.bigtester.ate.model.project.CaseRunner -->
