<?xml version="1.0" encoding="UTF-8"?>
<!-- Generated by org.testng.reporters.JUnitReportReporter -->
<testsuite hostname="ubuntu_file" name="org.bigtester.ate.core.sample.plugin.test.AppTestTest" tests="1" failures="0" timestamp="3 Dec 2014 15:06:18 GMT" time="68.435" errors="0">
  <testcase name="AppTest" time="68.435" classname="org.bigtester.ate.core.sample.plugin.test.AppTestTest"/>
</testsuite> <!-- org.bigtester.ate.core.sample.plugin.test.AppTestTest -->
